{"name": "test_tab_navigation[chromium]", "status": "failed", "statusDetails": {"message": "AssertionError: Locator expected to have attribute 'selected'\nActual value: None\nError: element(s) not found \nCall log:\n  - Expect \"to_have_attribute\" with timeout 5000ms\n  - waiting for get_by_role(\"link\", name=\"All\")", "trace": "website_setup = <pages.TodoPage.TodoPage object at 0x0000028DD31E6FD0>\n\n    def test_tab_navigation(website_setup):\n        todo = website_setup\n    \n        todo.todo_input.focus()\n        expect(todo.todo_input).to_be_focused()\n        # Verify all tab is selected by default\n>       expect(todo.all_tab).to_have_attribute(\"class\", \"selected\")\nE       AssertionError: Locator expected to have attribute 'selected'\nE       Actual value: None\nE       Error: element(s) not found \nE       Call log:\nE         - Expect \"to_have_attribute\" with timeout 5000ms\nE         - waiting for get_by_role(\"link\", name=\"All\")\n\ntests\\test_ui_validation.py:89: AssertionError"}, "attachments": [{"name": "Failure Screenshot", "source": "75f419a9-13e6-4e85-8fd3-5e908cc8e950-attachment.png", "type": "image/png"}], "parameters": [{"name": "browser_name", "value": "'chromium'"}], "start": 1766990777119, "stop": 1766990782203, "uuid": "061cdbb1-f947-48a3-a3e1-b8df26f35714", "historyId": "c8a8c2ed30ea5d262aa3dce134a9aaa8", "testCaseId": "6f4ca15461914cd86a6718dfd3592a5c", "fullName": "tests.test_ui_validation#test_tab_navigation", "labels": [{"name": "parentSuite", "value": "tests"}, {"name": "suite", "value": "test_ui_validation"}, {"name": "host", "value": "ASUS-A15"}, {"name": "thread", "value": "19532-MainThread"}, {"name": "framework", "value": "pytest"}, {"name": "language", "value": "cpython3"}, {"name": "package", "value": "tests.test_ui_validation"}], "titlePath": ["tests", "test_ui_validation.py"]}