{"name": "test_tab_navigation[firefox]", "status": "failed", "statusDetails": {"message": "AssertionError: Locator expected to have attribute 'selected'\nActual value: None\nError: element(s) not found \nCall log:\n  - Expect \"to_have_attribute\" with timeout 5000ms\n  - waiting for get_by_role(\"link\", name=\"All\")", "trace": "website_setup = <pages.TodoPage.TodoPage object at 0x000001AA3B9E28B0>\n\n    def test_tab_navigation(website_setup):\n        todo = website_setup\n    \n        todo.todo_input.focus()\n        expect(todo.todo_input).to_be_focused()\n        # Verify all tab is selected by default\n>       expect(todo.all_tab).to_have_attribute(\"class\", \"selected\")\nE       AssertionError: Locator expected to have attribute 'selected'\nE       Actual value: None\nE       Error: element(s) not found \nE       Call log:\nE         - Expect \"to_have_attribute\" with timeout 5000ms\nE         - waiting for get_by_role(\"link\", name=\"All\")\n\ntests\\test_ui_validation.py:89: AssertionError"}, "attachments": [{"name": "Failure Screenshot", "source": "6a922c13-69ea-4a98-bf5d-37a23aea5527-attachment.png", "type": "image/png"}], "parameters": [{"name": "browser_name", "value": "'firefox'"}], "start": 1766990799619, "stop": 1766990804722, "uuid": "c81f2332-4730-4f6b-9103-bafe07cf16f2", "historyId": "3b2329c0d5e8f2686582b5adc6b970ff", "testCaseId": "6f4ca15461914cd86a6718dfd3592a5c", "fullName": "tests.test_ui_validation#test_tab_navigation", "labels": [{"name": "parentSuite", "value": "tests"}, {"name": "suite", "value": "test_ui_validation"}, {"name": "host", "value": "ASUS-A15"}, {"name": "thread", "value": "1252-MainThread"}, {"name": "framework", "value": "pytest"}, {"name": "language", "value": "cpython3"}, {"name": "package", "value": "tests.test_ui_validation"}], "titlePath": ["tests", "test_ui_validation.py"]}