{"name": "test_input_placeholder_text[chromium]", "status": "failed", "statusDetails": {"message": "AssertionError: Locator expected to have attribute 'text'\nActual value: None \nCall log:\n  - Expect \"to_have_attribute\" with timeout 5000ms\n  - waiting for get_by_placeholder(\"What needs to be done?\")\n    9 × locator resolved to <input class=\"new-todo\" placeholder=\"What needs to be done?\"/>\n      - unexpected value \"null\"", "trace": "website_setup = <pages.TodoPage.TodoPage object at 0x000001AA3A3DFC50>\ntest_data = {'addTodo': {'empty': {'text': ''}, 'longText': {'text': 'This is a very long todo text created to validate how the ap... 'Learn Python', 'updated': 'Learn Playwright with Python', 'updatedText': 'Learn Software testing with python'}}, ...}\n\n    def test_input_placeholder_text(website_setup, test_data):\n        todo = website_setup\n    \n        expect(todo.todo_input).to_have_attribute(\"placeholder\", test_data[\"uiValidation\"][\"placeholderText\"])\n        # Verify input type attribute\n>       expect(todo.todo_input).to_have_attribute(\"type\", \"text\")\nE       AssertionError: Locator expected to have attribute 'text'\nE       Actual value: None \nE       Call log:\nE         - Expect \"to_have_attribute\" with timeout 5000ms\nE         - waiting for get_by_placeholder(\"What needs to be done?\")\nE           9 × locator resolved to <input class=\"new-todo\" placeholder=\"What needs to be done?\"/>\nE             - unexpected value \"null\"\n\ntests\\test_ui_validation.py:22: AssertionError"}, "attachments": [{"name": "Failure Screenshot", "source": "f8d09980-a934-4575-9b2d-a2eb41a7ae18-attachment.png", "type": "image/png"}], "parameters": [{"name": "browser_name", "value": "'chromium'"}], "start": 1766990775853, "stop": 1766990780928, "uuid": "47a59fcf-f847-4d5a-a77e-e53fcce93b46", "historyId": "9d7274a6051f9aa31a82df14349de33b", "testCaseId": "fa192db76e0678ef9a64903a05f20ff1", "fullName": "tests.test_ui_validation#test_input_placeholder_text", "labels": [{"name": "parentSuite", "value": "tests"}, {"name": "suite", "value": "test_ui_validation"}, {"name": "host", "value": "ASUS-A15"}, {"name": "thread", "value": "1252-MainThread"}, {"name": "framework", "value": "pytest"}, {"name": "language", "value": "cpython3"}, {"name": "package", "value": "tests.test_ui_validation"}], "titlePath": ["tests", "test_ui_validation.py"]}